{"/app/src/App.js": {"path":"/app/src/App.js","statementMap":{"0":{"start":{"line":17,"column":4},"end":{"line":23,"column":6}},"1":{"start":{"line":18,"column":6},"end":{"line":22,"column":8}},"2":{"start":{"line":28,"column":19},"end":{"line":28,"column":21}},"3":{"start":{"line":30,"column":4},"end":{"line":32,"column":6}},"4":{"start":{"line":31,"column":6},"end":{"line":31,"column":54}},"5":{"start":{"line":31,"column":29},"end":{"line":31,"column":52}},"6":{"start":{"line":34,"column":4},"end":{"line":34,"column":17}},"7":{"start":{"line":38,"column":4},"end":{"line":38,"column":48}},"8":{"start":{"line":38,"column":26},"end":{"line":38,"column":46}},"9":{"start":{"line":41,"column":48},"end":{"line":50,"column":3}},"10":{"start":{"line":42,"column":4},"end":{"line":42,"column":35}},"11":{"start":{"line":44,"column":4},"end":{"line":49,"column":6}},"12":{"start":{"line":46,"column":8},"end":{"line":46,"column":39}},"13":{"start":{"line":53,"column":17},"end":{"line":53,"column":71}},"14":{"start":{"line":53,"column":50},"end":{"line":53,"column":68}},"15":{"start":{"line":54,"column":4},"end":{"line":54,"column":64}},"16":{"start":{"line":57,"column":38},"end":{"line":61,"column":3}},"17":{"start":{"line":57,"column":50},"end":{"line":61,"column":3}},"18":{"start":{"line":58,"column":4},"end":{"line":60,"column":5}},"19":{"start":{"line":59,"column":6},"end":{"line":59,"column":92}},"20":{"start":{"line":64,"column":4},"end":{"line":99,"column":5}},"21":{"start":{"line":67,"column":10},"end":{"line":93,"column":16}},"22":{"start":{"line":96,"column":10},"end":{"line":96,"column":93}}},"fnMap":{"0":{"name":"(anonymous_0)","decl":{"start":{"line":16,"column":2},"end":{"line":16,"column":3}},"loc":{"start":{"line":16,"column":22},"end":{"line":24,"column":3}},"line":16},"1":{"name":"(anonymous_1)","decl":{"start":{"line":17,"column":27},"end":{"line":17,"column":28}},"loc":{"start":{"line":17,"column":38},"end":{"line":23,"column":5}},"line":17},"2":{"name":"(anonymous_2)","decl":{"start":{"line":27,"column":13},"end":{"line":27,"column":14}},"loc":{"start":{"line":27,"column":19},"end":{"line":35,"column":3}},"line":27},"3":{"name":"(anonymous_3)","decl":{"start":{"line":30,"column":39},"end":{"line":30,"column":40}},"loc":{"start":{"line":30,"column":59},"end":{"line":32,"column":5}},"line":30},"4":{"name":"(anonymous_4)","decl":{"start":{"line":31,"column":20},"end":{"line":31,"column":21}},"loc":{"start":{"line":31,"column":29},"end":{"line":31,"column":52}},"line":31},"5":{"name":"(anonymous_5)","decl":{"start":{"line":37,"column":17},"end":{"line":37,"column":18}},"loc":{"start":{"line":38,"column":4},"end":{"line":38,"column":48}},"line":38},"6":{"name":"(anonymous_6)","decl":{"start":{"line":38,"column":17},"end":{"line":38,"column":18}},"loc":{"start":{"line":38,"column":26},"end":{"line":38,"column":46}},"line":38},"7":{"name":"(anonymous_7)","decl":{"start":{"line":41,"column":20},"end":{"line":41,"column":21}},"loc":{"start":{"line":41,"column":48},"end":{"line":50,"column":3}},"line":41},"8":{"name":"(anonymous_8)","decl":{"start":{"line":41,"column":48},"end":{"line":41,"column":49}},"loc":{"start":{"line":41,"column":58},"end":{"line":50,"column":3}},"line":41},"9":{"name":"(anonymous_9)","decl":{"start":{"line":45,"column":54},"end":{"line":45,"column":55}},"loc":{"start":{"line":46,"column":8},"end":{"line":46,"column":39}},"line":46},"10":{"name":"(anonymous_10)","decl":{"start":{"line":52,"column":13},"end":{"line":52,"column":14}},"loc":{"start":{"line":52,"column":32},"end":{"line":55,"column":3}},"line":52},"11":{"name":"(anonymous_11)","decl":{"start":{"line":53,"column":40},"end":{"line":53,"column":41}},"loc":{"start":{"line":53,"column":50},"end":{"line":53,"column":68}},"line":53},"12":{"name":"(anonymous_12)","decl":{"start":{"line":57,"column":20},"end":{"line":57,"column":21}},"loc":{"start":{"line":57,"column":38},"end":{"line":61,"column":3}},"line":57},"13":{"name":"(anonymous_13)","decl":{"start":{"line":57,"column":38},"end":{"line":57,"column":39}},"loc":{"start":{"line":57,"column":50},"end":{"line":61,"column":3}},"line":57},"14":{"name":"(anonymous_14)","decl":{"start":{"line":57,"column":50},"end":{"line":57,"column":51}},"loc":{"start":{"line":57,"column":64},"end":{"line":61,"column":3}},"line":57},"15":{"name":"(anonymous_15)","decl":{"start":{"line":63,"column":2},"end":{"line":63,"column":3}},"loc":{"start":{"line":63,"column":11},"end":{"line":100,"column":3}},"line":63},"16":{"name":"(anonymous_16)","decl":{"start":{"line":66,"column":38},"end":{"line":66,"column":39}},"loc":{"start":{"line":67,"column":10},"end":{"line":93,"column":16}},"line":67},"17":{"name":"(anonymous_17)","decl":{"start":{"line":95,"column":44},"end":{"line":95,"column":45}},"loc":{"start":{"line":96,"column":10},"end":{"line":96,"column":93}},"line":96}},"branchMap":{"0":{"loc":{"start":{"line":54,"column":12},"end":{"line":54,"column":63}},"type":"cond-expr","locations":[{"start":{"line":54,"column":19},"end":{"line":54,"column":40}},{"start":{"line":54,"column":43},"end":{"line":54,"column":63}}],"line":54},"1":{"loc":{"start":{"line":58,"column":4},"end":{"line":60,"column":5}},"type":"if","locations":[{"start":{"line":58,"column":4},"end":{"line":60,"column":5}},{"start":{"line":58,"column":4},"end":{"line":60,"column":5}}],"line":58}},"s":{"0":2,"1":2,"2":0,"3":0,"4":0,"5":0,"6":0,"7":6,"8":12,"9":0,"10":0,"11":0,"12":0,"13":0,"14":0,"15":0,"16":12,"17":4,"18":0,"19":0,"20":4,"21":4,"22":0},"f":{"0":2,"1":2,"2":0,"3":0,"4":0,"5":6,"6":12,"7":0,"8":0,"9":0,"10":0,"11":0,"12":12,"13":4,"14":0,"15":4,"16":4,"17":0},"b":{"0":[0,0],"1":[0,0]},"_coverageSchema":"332fd63041d2c1bcb487cc26dd0d5f7d97098a6c","hash":"133f686dc76af0d9bcd075bd36f57838c38e41c8"}
,"/app/src/index.js": {"path":"/app/src/index.js","statementMap":{"0":{"start":{"line":1,"column":32},"end":{"line":1,"column":51}},"1":{"start":{"line":1,"column":65},"end":{"line":1,"column":81}},"2":{"start":{"line":1,"column":96},"end":{"line":1,"column":126}},"3":{"start":{"line":2,"column":16},"end":{"line":2,"column":36}},"4":{"start":{"line":2,"column":54},"end":{"line":2,"column":87}},"5":{"start":{"line":3,"column":22},"end":{"line":3,"column":49}},"6":{"start":{"line":4,"column":11},"end":{"line":4,"column":27}},"7":{"start":{"line":4,"column":40},"end":{"line":4,"column":68}},"8":{"start":{"line":5,"column":0},"end":{"line":5,"column":23}},"9":{"start":{"line":5,"column":61},"end":{"line":5,"column":115}},"10":{"start":{"line":7,"column":0},"end":{"line":11,"column":33}}},"fnMap":{"0":{"name":"_interopRequireDefault","decl":{"start":{"line":5,"column":32},"end":{"line":5,"column":54}},"loc":{"start":{"line":5,"column":60},"end":{"line":5,"column":116}},"line":5}},"branchMap":{"0":{"loc":{"start":{"line":5,"column":68},"end":{"line":5,"column":114}},"type":"cond-expr","locations":[{"start":{"line":5,"column":92},"end":{"line":5,"column":95}},{"start":{"line":5,"column":98},"end":{"line":5,"column":114}}],"line":5},"1":{"loc":{"start":{"line":5,"column":68},"end":{"line":5,"column":89}},"type":"binary-expr","locations":[{"start":{"line":5,"column":68},"end":{"line":5,"column":71}},{"start":{"line":5,"column":75},"end":{"line":5,"column":89}}],"line":5}},"s":{"0":0,"1":0,"2":0,"3":0,"4":0,"5":0,"6":0,"7":0,"8":0,"9":0,"10":0},"f":{"0":0},"b":{"0":[0,0],"1":[0,0]}}
,"/app/src/setupTests.js": {"path":"/app/src/setupTests.js","statementMap":{"0":{"start":{"line":5,"column":0},"end":{"line":5,"column":38}}},"fnMap":{},"branchMap":{},"s":{"0":2},"f":{},"b":{},"_coverageSchema":"332fd63041d2c1bcb487cc26dd0d5f7d97098a6c","hash":"950baa0297ce5de07c6e49e55ae75d1ba9bed11d"}
,"/app/src/utils.js": {"path":"/app/src/utils.js","statementMap":{"0":{"start":{"line":1,"column":33},"end":{"line":6,"column":1}}},"fnMap":{},"branchMap":{},"s":{"0":2},"f":{},"b":{},"_coverageSchema":"332fd63041d2c1bcb487cc26dd0d5f7d97098a6c","hash":"bad9f626b2ff525d88da90e3bf7c3d0f5d5d4e51"}
,"/app/src/BooksAPI/index.js": {"path":"/app/src/BooksAPI/index.js","statementMap":{"0":{"start":{"line":1,"column":13},"end":{"line":1,"column":75}},"1":{"start":{"line":2,"column":12},"end":{"line":2,"column":51}},"2":{"start":{"line":5,"column":12},"end":{"line":5,"column":30}},"3":{"start":{"line":6,"column":0},"end":{"line":7,"column":67}},"4":{"start":{"line":7,"column":0},"end":{"line":7,"column":67}},"5":{"start":{"line":9,"column":16},"end":{"line":11,"column":26}},"6":{"start":{"line":14,"column":12},"end":{"line":17,"column":23}},"7":{"start":{"line":15,"column":0},"end":{"line":17,"column":23}},"8":{"start":{"line":16,"column":12},"end":{"line":16,"column":22}},"9":{"start":{"line":17,"column":13},"end":{"line":17,"column":22}},"10":{"start":{"line":19,"column":15},"end":{"line":22,"column":24}},"11":{"start":{"line":20,"column":0},"end":{"line":22,"column":24}},"12":{"start":{"line":21,"column":12},"end":{"line":21,"column":22}},"13":{"start":{"line":22,"column":13},"end":{"line":22,"column":23}},"14":{"start":{"line":24,"column":15},"end":{"line":32,"column":23}},"15":{"start":{"line":25,"column":0},"end":{"line":32,"column":23}},"16":{"start":{"line":32,"column":12},"end":{"line":32,"column":22}},"17":{"start":{"line":34,"column":15},"end":{"line":43,"column":24}},"18":{"start":{"line":35,"column":0},"end":{"line":43,"column":24}},"19":{"start":{"line":42,"column":12},"end":{"line":42,"column":22}},"20":{"start":{"line":43,"column":13},"end":{"line":43,"column":23}}},"fnMap":{"0":{"name":"(anonymous_0)","decl":{"start":{"line":14,"column":26},"end":{"line":14,"column":27}},"loc":{"start":{"line":15,"column":0},"end":{"line":17,"column":23}},"line":15},"1":{"name":"(anonymous_1)","decl":{"start":{"line":16,"column":5},"end":{"line":16,"column":6}},"loc":{"start":{"line":16,"column":12},"end":{"line":16,"column":22}},"line":16},"2":{"name":"(anonymous_2)","decl":{"start":{"line":17,"column":5},"end":{"line":17,"column":6}},"loc":{"start":{"line":17,"column":13},"end":{"line":17,"column":22}},"line":17},"3":{"name":"(anonymous_3)","decl":{"start":{"line":19,"column":32},"end":{"line":19,"column":33}},"loc":{"start":{"line":20,"column":0},"end":{"line":22,"column":24}},"line":20},"4":{"name":"(anonymous_4)","decl":{"start":{"line":21,"column":5},"end":{"line":21,"column":6}},"loc":{"start":{"line":21,"column":12},"end":{"line":21,"column":22}},"line":21},"5":{"name":"(anonymous_5)","decl":{"start":{"line":22,"column":5},"end":{"line":22,"column":6}},"loc":{"start":{"line":22,"column":13},"end":{"line":22,"column":23}},"line":22},"6":{"name":"(anonymous_6)","decl":{"start":{"line":24,"column":32},"end":{"line":24,"column":33}},"loc":{"start":{"line":25,"column":0},"end":{"line":32,"column":23}},"line":25},"7":{"name":"(anonymous_7)","decl":{"start":{"line":32,"column":5},"end":{"line":32,"column":6}},"loc":{"start":{"line":32,"column":12},"end":{"line":32,"column":22}},"line":32},"8":{"name":"(anonymous_8)","decl":{"start":{"line":34,"column":32},"end":{"line":34,"column":33}},"loc":{"start":{"line":35,"column":0},"end":{"line":43,"column":24}},"line":35},"9":{"name":"(anonymous_9)","decl":{"start":{"line":42,"column":5},"end":{"line":42,"column":6}},"loc":{"start":{"line":42,"column":12},"end":{"line":42,"column":22}},"line":42},"10":{"name":"(anonymous_10)","decl":{"start":{"line":43,"column":5},"end":{"line":43,"column":6}},"loc":{"start":{"line":43,"column":13},"end":{"line":43,"column":23}},"line":43}},"branchMap":{"0":{"loc":{"start":{"line":6,"column":0},"end":{"line":7,"column":67}},"type":"if","locations":[{"start":{"line":6,"column":0},"end":{"line":7,"column":67}},{"start":{"line":6,"column":0},"end":{"line":7,"column":67}}],"line":6}},"s":{"0":0,"1":0,"2":0,"3":0,"4":0,"5":0,"6":0,"7":0,"8":0,"9":0,"10":0,"11":0,"12":0,"13":0,"14":0,"15":0,"16":0,"17":0,"18":0,"19":0,"20":0},"f":{"0":0,"1":0,"2":0,"3":0,"4":0,"5":0,"6":0,"7":0,"8":0,"9":0,"10":0},"b":{"0":[0,0]}}
,"/app/src/components/Book.js": {"path":"/app/src/components/Book.js","statementMap":{"0":{"start":{"line":7,"column":4},"end":{"line":7,"column":16}},"1":{"start":{"line":8,"column":4},"end":{"line":8,"column":66}},"2":{"start":{"line":9,"column":4},"end":{"line":9,"column":57}},"3":{"start":{"line":13,"column":22},"end":{"line":13,"column":32}},"4":{"start":{"line":14,"column":4},"end":{"line":14,"column":31}},"5":{"start":{"line":14,"column":20},"end":{"line":14,"column":29}},"6":{"start":{"line":15,"column":4},"end":{"line":15,"column":64}},"7":{"start":{"line":19,"column":4},"end":{"line":19,"column":27}},"8":{"start":{"line":21,"column":16},"end":{"line":21,"column":26}},"9":{"start":{"line":22,"column":4},"end":{"line":26,"column":5}},"10":{"start":{"line":23,"column":6},"end":{"line":23,"column":33}},"11":{"start":{"line":25,"column":6},"end":{"line":25,"column":39}},"12":{"start":{"line":28,"column":4},"end":{"line":28,"column":72}},"13":{"start":{"line":28,"column":32},"end":{"line":28,"column":69}},"14":{"start":{"line":32,"column":4},"end":{"line":55,"column":3}},"15":{"start":{"line":59,"column":0},"end":{"line":66,"column":1}}},"fnMap":{"0":{"name":"(anonymous_0)","decl":{"start":{"line":6,"column":2},"end":{"line":6,"column":3}},"loc":{"start":{"line":6,"column":21},"end":{"line":10,"column":3}},"line":6},"1":{"name":"(anonymous_1)","decl":{"start":{"line":12,"column":18},"end":{"line":12,"column":19}},"loc":{"start":{"line":12,"column":24},"end":{"line":16,"column":3}},"line":12},"2":{"name":"(anonymous_2)","decl":{"start":{"line":18,"column":2},"end":{"line":18,"column":3}},"loc":{"start":{"line":18,"column":24},"end":{"line":29,"column":3}},"line":18},"3":{"name":"(anonymous_3)","decl":{"start":{"line":28,"column":18},"end":{"line":28,"column":19}},"loc":{"start":{"line":28,"column":32},"end":{"line":28,"column":69}},"line":28},"4":{"name":"(anonymous_4)","decl":{"start":{"line":31,"column":2},"end":{"line":31,"column":3}},"loc":{"start":{"line":31,"column":11},"end":{"line":55,"column":4}},"line":31}},"branchMap":{"0":{"loc":{"start":{"line":14,"column":4},"end":{"line":14,"column":31}},"type":"if","locations":[{"start":{"line":14,"column":4},"end":{"line":14,"column":31}},{"start":{"line":14,"column":4},"end":{"line":14,"column":31}}],"line":14},"1":{"loc":{"start":{"line":15,"column":11},"end":{"line":15,"column":64}},"type":"cond-expr","locations":[{"start":{"line":15,"column":36},"end":{"line":15,"column":54}},{"start":{"line":15,"column":57},"end":{"line":15,"column":64}}],"line":15},"2":{"loc":{"start":{"line":22,"column":4},"end":{"line":26,"column":5}},"type":"if","locations":[{"start":{"line":22,"column":4},"end":{"line":26,"column":5}},{"start":{"line":22,"column":4},"end":{"line":26,"column":5}}],"line":22},"3":{"loc":{"start":{"line":34,"column":7},"end":{"line":39,"column":94}},"type":"cond-expr","locations":[{"start":{"line":35,"column":8},"end":{"line":38,"column":14}},{"start":{"line":39,"column":6},"end":{"line":39,"column":94}}],"line":34}},"s":{"0":6,"1":6,"2":6,"3":8,"4":8,"5":4,"6":4,"7":2,"8":2,"9":2,"10":1,"11":1,"12":2,"13":2,"14":8,"15":2},"f":{"0":6,"1":8,"2":2,"3":2,"4":8},"b":{"0":[4,4],"1":[2,2],"2":[1,1],"3":[1,7]},"_coverageSchema":"332fd63041d2c1bcb487cc26dd0d5f7d97098a6c","hash":"5c69c8a5d88a892b4de4e1951c636dab48f241e9"}
,"/app/src/components/BookShelf.js": {"path":"/app/src/components/BookShelf.js","statementMap":{"0":{"start":{"line":6,"column":18},"end":{"line":28,"column":1}},"1":{"start":{"line":7,"column":2},"end":{"line":27,"column":3}},"2":{"start":{"line":13,"column":12},"end":{"line":22,"column":17}},"3":{"start":{"line":30,"column":0},"end":{"line":32,"column":1}}},"fnMap":{"0":{"name":"(anonymous_0)","decl":{"start":{"line":6,"column":18},"end":{"line":6,"column":19}},"loc":{"start":{"line":6,"column":29},"end":{"line":28,"column":1}},"line":6},"1":{"name":"(anonymous_1)","decl":{"start":{"line":12,"column":42},"end":{"line":12,"column":43}},"loc":{"start":{"line":13,"column":12},"end":{"line":22,"column":17}},"line":13}},"branchMap":{"0":{"loc":{"start":{"line":12,"column":11},"end":{"line":23,"column":12}},"type":"binary-expr","locations":[{"start":{"line":12,"column":11},"end":{"line":12,"column":22}},{"start":{"line":12,"column":26},"end":{"line":23,"column":12}}],"line":12},"1":{"loc":{"start":{"line":19,"column":26},"end":{"line":19,"column":70}},"type":"binary-expr","locations":[{"start":{"line":19,"column":26},"end":{"line":19,"column":41}},{"start":{"line":19,"column":45},"end":{"line":19,"column":70}}],"line":19}},"s":{"0":1,"1":13,"2":4,"3":1},"f":{"0":13,"1":4},"b":{"0":[13,13],"1":[4,0]},"_coverageSchema":"332fd63041d2c1bcb487cc26dd0d5f7d97098a6c","hash":"ba1341b252a680d3807b331f9b935e8ccaffa212"}
,"/app/src/components/Changer.js": {"path":"/app/src/components/Changer.js","statementMap":{"0":{"start":{"line":7,"column":4},"end":{"line":19,"column":5}},"1":{"start":{"line":11,"column":30},"end":{"line":11,"column":84}},"2":{"start":{"line":15,"column":12},"end":{"line":15,"column":58}},"3":{"start":{"line":23,"column":0},"end":{"line":26,"column":1}}},"fnMap":{"0":{"name":"(anonymous_0)","decl":{"start":{"line":6,"column":2},"end":{"line":6,"column":3}},"loc":{"start":{"line":6,"column":12},"end":{"line":20,"column":3}},"line":6},"1":{"name":"(anonymous_1)","decl":{"start":{"line":11,"column":19},"end":{"line":11,"column":20}},"loc":{"start":{"line":11,"column":30},"end":{"line":11,"column":84}},"line":11},"2":{"name":"(anonymous_2)","decl":{"start":{"line":14,"column":49},"end":{"line":14,"column":50}},"loc":{"start":{"line":15,"column":12},"end":{"line":15,"column":58}},"line":15}},"branchMap":{},"s":{"0":6,"1":0,"2":24,"3":2},"f":{"0":6,"1":0,"2":24},"b":{},"_coverageSchema":"332fd63041d2c1bcb487cc26dd0d5f7d97098a6c","hash":"ad616ad8368efdb343ed3d0206a6549a6bef1fe8"}
,"/app/src/components/Search.js": {"path":"/app/src/components/Search.js","statementMap":{"0":{"start":{"line":15,"column":4},"end":{"line":15,"column":32}},"1":{"start":{"line":19,"column":4},"end":{"line":19,"column":43}},"2":{"start":{"line":20,"column":4},"end":{"line":20,"column":64}},"3":{"start":{"line":24,"column":4},"end":{"line":24,"column":53}},"4":{"start":{"line":25,"column":4},"end":{"line":25,"column":60}},"5":{"start":{"line":29,"column":4},"end":{"line":33,"column":5}},"6":{"start":{"line":30,"column":6},"end":{"line":30,"column":30}},"7":{"start":{"line":32,"column":6},"end":{"line":32,"column":25}},"8":{"start":{"line":37,"column":18},"end":{"line":37,"column":56}},"9":{"start":{"line":38,"column":4},"end":{"line":49,"column":5}},"10":{"start":{"line":53,"column":29},"end":{"line":53,"column":39}},"11":{"start":{"line":55,"column":4},"end":{"line":88,"column":5}},"12":{"start":{"line":70,"column":35},"end":{"line":70,"column":71}},"13":{"start":{"line":84,"column":36},"end":{"line":84,"column":57}},"14":{"start":{"line":92,"column":0},"end":{"line":94,"column":1}}},"fnMap":{"0":{"name":"(anonymous_0)","decl":{"start":{"line":14,"column":17},"end":{"line":14,"column":18}},"loc":{"start":{"line":14,"column":23},"end":{"line":16,"column":3}},"line":14},"1":{"name":"(anonymous_1)","decl":{"start":{"line":18,"column":28},"end":{"line":18,"column":29}},"loc":{"start":{"line":18,"column":39},"end":{"line":21,"column":3}},"line":18},"2":{"name":"(anonymous_2)","decl":{"start":{"line":23,"column":16},"end":{"line":23,"column":17}},"loc":{"start":{"line":23,"column":27},"end":{"line":26,"column":3}},"line":23},"3":{"name":"(anonymous_3)","decl":{"start":{"line":28,"column":24},"end":{"line":28,"column":25}},"loc":{"start":{"line":28,"column":35},"end":{"line":34,"column":3}},"line":28},"4":{"name":"(anonymous_4)","decl":{"start":{"line":36,"column":15},"end":{"line":36,"column":16}},"loc":{"start":{"line":36,"column":25},"end":{"line":50,"column":3}},"line":36},"5":{"name":"(anonymous_5)","decl":{"start":{"line":52,"column":2},"end":{"line":52,"column":3}},"loc":{"start":{"line":52,"column":11},"end":{"line":89,"column":3}},"line":52},"6":{"name":"(anonymous_6)","decl":{"start":{"line":70,"column":24},"end":{"line":70,"column":25}},"loc":{"start":{"line":70,"column":35},"end":{"line":70,"column":71}},"line":70},"7":{"name":"(anonymous_7)","decl":{"start":{"line":84,"column":27},"end":{"line":84,"column":28}},"loc":{"start":{"line":84,"column":36},"end":{"line":84,"column":57}},"line":84}},"branchMap":{"0":{"loc":{"start":{"line":25,"column":4},"end":{"line":25,"column":60}},"type":"cond-expr","locations":[{"start":{"line":25,"column":12},"end":{"line":25,"column":38}},{"start":{"line":25,"column":41},"end":{"line":25,"column":60}}],"line":25},"1":{"loc":{"start":{"line":29,"column":4},"end":{"line":33,"column":5}},"type":"if","locations":[{"start":{"line":29,"column":4},"end":{"line":33,"column":5}},{"start":{"line":29,"column":4},"end":{"line":33,"column":5}}],"line":29},"2":{"loc":{"start":{"line":37,"column":18},"end":{"line":37,"column":56}},"type":"binary-expr","locations":[{"start":{"line":37,"column":18},"end":{"line":37,"column":46}},{"start":{"line":37,"column":50},"end":{"line":37,"column":56}}],"line":37},"3":{"loc":{"start":{"line":45,"column":20},"end":{"line":45,"column":64}},"type":"binary-expr","locations":[{"start":{"line":45,"column":20},"end":{"line":45,"column":35}},{"start":{"line":45,"column":39},"end":{"line":45,"column":64}}],"line":45},"4":{"loc":{"start":{"line":78,"column":13},"end":{"line":84,"column":61}},"type":"cond-expr","locations":[{"start":{"line":79,"column":14},"end":{"line":79,"column":47}},{"start":{"line":80,"column":16},"end":{"line":84,"column":61}}],"line":78},"5":{"loc":{"start":{"line":80,"column":16},"end":{"line":84,"column":61}},"type":"cond-expr","locations":[{"start":{"line":81,"column":14},"end":{"line":81,"column":35}},{"start":{"line":82,"column":16},"end":{"line":84,"column":61}}],"line":80},"6":{"loc":{"start":{"line":82,"column":16},"end":{"line":84,"column":61}},"type":"cond-expr","locations":[{"start":{"line":83,"column":14},"end":{"line":83,"column":39}},{"start":{"line":84,"column":17},"end":{"line":84,"column":60}}],"line":82}},"s":{"0":0,"1":0,"2":0,"3":0,"4":0,"5":0,"6":0,"7":0,"8":0,"9":0,"10":1,"11":1,"12":0,"13":0,"14":1},"f":{"0":0,"1":0,"2":0,"3":0,"4":0,"5":1,"6":0,"7":0},"b":{"0":[0,0],"1":[0,0],"2":[0,0],"3":[0,0],"4":[1,0],"5":[0,0],"6":[0,0]},"_coverageSchema":"332fd63041d2c1bcb487cc26dd0d5f7d97098a6c","hash":"b0c731847ced3fc0420f04d84ba58ddb74bc0d59"}
}
