TN:
SF:/app/src/App.js
FN:16,(anonymous_0)
FN:17,(anonymous_1)
FN:27,(anonymous_2)
FN:30,(anonymous_3)
FN:31,(anonymous_4)
FN:37,(anonymous_5)
FN:38,(anonymous_6)
FN:41,(anonymous_7)
FN:41,(anonymous_8)
FN:45,(anonymous_9)
FN:52,(anonymous_10)
FN:53,(anonymous_11)
FN:57,(anonymous_12)
FN:57,(anonymous_13)
FN:57,(anonymous_14)
FN:63,(anonymous_15)
FN:66,(anonymous_16)
FN:95,(anonymous_17)
FNF:18
FNH:8
FNDA:2,(anonymous_0)
FNDA:2,(anonymous_1)
FNDA:0,(anonymous_2)
FNDA:0,(anonymous_3)
FNDA:0,(anonymous_4)
FNDA:6,(anonymous_5)
FNDA:12,(anonymous_6)
FNDA:0,(anonymous_7)
FNDA:0,(anonymous_8)
FNDA:0,(anonymous_9)
FNDA:0,(anonymous_10)
FNDA:0,(anonymous_11)
FNDA:12,(anonymous_12)
FNDA:4,(anonymous_13)
FNDA:0,(anonymous_14)
FNDA:4,(anonymous_15)
FNDA:4,(anonymous_16)
FNDA:0,(anonymous_17)
DA:17,2
DA:18,2
DA:28,0
DA:30,0
DA:31,0
DA:34,0
DA:38,12
DA:41,0
DA:42,0
DA:44,0
DA:46,0
DA:53,0
DA:54,0
DA:57,12
DA:58,0
DA:59,0
DA:64,4
DA:67,4
DA:96,0
LF:19
LH:6
BRDA:54,0,0,0
BRDA:54,0,1,0
BRDA:58,1,0,0
BRDA:58,1,1,0
BRF:4
BRH:0
end_of_record
TN:
SF:/app/src/index.js
FN:5,_interopRequireDefault
FNF:1
FNH:0
FNDA:0,_interopRequireDefault
DA:1,0
DA:2,0
DA:3,0
DA:4,0
DA:5,0
DA:7,0
LF:6
LH:0
BRDA:5,0,0,0
BRDA:5,0,1,0
BRDA:5,1,0,0
BRDA:5,1,1,0
BRF:4
BRH:0
end_of_record
TN:
SF:/app/src/setupTests.js
FNF:0
FNH:0
DA:5,2
LF:1
LH:1
BRF:0
BRH:0
end_of_record
TN:
SF:/app/src/utils.js
FNF:0
FNH:0
DA:1,2
LF:1
LH:1
BRF:0
BRH:0
end_of_record
TN:
SF:/app/src/BooksAPI/index.js
FN:14,(anonymous_0)
FN:16,(anonymous_1)
FN:17,(anonymous_2)
FN:19,(anonymous_3)
FN:21,(anonymous_4)
FN:22,(anonymous_5)
FN:24,(anonymous_6)
FN:32,(anonymous_7)
FN:34,(anonymous_8)
FN:42,(anonymous_9)
FN:43,(anonymous_10)
FNF:11
FNH:0
FNDA:0,(anonymous_0)
FNDA:0,(anonymous_1)
FNDA:0,(anonymous_2)
FNDA:0,(anonymous_3)
FNDA:0,(anonymous_4)
FNDA:0,(anonymous_5)
FNDA:0,(anonymous_6)
FNDA:0,(anonymous_7)
FNDA:0,(anonymous_8)
FNDA:0,(anonymous_9)
FNDA:0,(anonymous_10)
DA:1,0
DA:2,0
DA:5,0
DA:6,0
DA:7,0
DA:9,0
DA:14,0
DA:15,0
DA:16,0
DA:17,0
DA:19,0
DA:20,0
DA:21,0
DA:22,0
DA:24,0
DA:25,0
DA:32,0
DA:34,0
DA:35,0
DA:42,0
DA:43,0
LF:21
LH:0
BRDA:6,0,0,0
BRDA:6,0,1,0
BRF:2
BRH:0
end_of_record
TN:
SF:/app/src/components/Book.js
FN:6,(anonymous_0)
FN:12,(anonymous_1)
FN:18,(anonymous_2)
FN:28,(anonymous_3)
FN:31,(anonymous_4)
FNF:5
FNH:5
FNDA:6,(anonymous_0)
FNDA:8,(anonymous_1)
FNDA:2,(anonymous_2)
FNDA:2,(anonymous_3)
FNDA:8,(anonymous_4)
DA:7,6
DA:8,6
DA:9,6
DA:13,8
DA:14,8
DA:15,4
DA:19,2
DA:21,2
DA:22,2
DA:23,1
DA:25,1
DA:28,2
DA:32,8
DA:59,2
LF:14
LH:14
BRDA:14,0,0,4
BRDA:14,0,1,4
BRDA:15,1,0,2
BRDA:15,1,1,2
BRDA:22,2,0,1
BRDA:22,2,1,1
BRDA:34,3,0,1
BRDA:34,3,1,7
BRF:8
BRH:8
end_of_record
TN:
SF:/app/src/components/BookShelf.js
FN:6,(anonymous_0)
FN:12,(anonymous_1)
FNF:2
FNH:2
FNDA:13,(anonymous_0)
FNDA:4,(anonymous_1)
DA:6,1
DA:7,13
DA:13,4
DA:30,1
LF:4
LH:4
BRDA:12,0,0,13
BRDA:12,0,1,13
BRDA:19,1,0,4
BRDA:19,1,1,0
BRF:4
BRH:3
end_of_record
TN:
SF:/app/src/components/Changer.js
FN:6,(anonymous_0)
FN:11,(anonymous_1)
FN:14,(anonymous_2)
FNF:3
FNH:2
FNDA:6,(anonymous_0)
FNDA:0,(anonymous_1)
FNDA:24,(anonymous_2)
DA:7,6
DA:11,0
DA:15,24
DA:23,2
LF:4
LH:3
BRF:0
BRH:0
end_of_record
TN:
SF:/app/src/components/Search.js
FN:14,(anonymous_0)
FN:18,(anonymous_1)
FN:23,(anonymous_2)
FN:28,(anonymous_3)
FN:36,(anonymous_4)
FN:52,(anonymous_5)
FN:70,(anonymous_6)
FN:84,(anonymous_7)
FNF:8
FNH:1
FNDA:0,(anonymous_0)
FNDA:0,(anonymous_1)
FNDA:0,(anonymous_2)
FNDA:0,(anonymous_3)
FNDA:0,(anonymous_4)
FNDA:1,(anonymous_5)
FNDA:0,(anonymous_6)
FNDA:0,(anonymous_7)
DA:15,0
DA:19,0
DA:20,0
DA:24,0
DA:25,0
DA:29,0
DA:30,0
DA:32,0
DA:37,0
DA:38,0
DA:53,1
DA:55,1
DA:70,0
DA:84,0
DA:92,1
LF:15
LH:3
BRDA:25,0,0,0
BRDA:25,0,1,0
BRDA:29,1,0,0
BRDA:29,1,1,0
BRDA:37,2,0,0
BRDA:37,2,1,0
BRDA:45,3,0,0
BRDA:45,3,1,0
BRDA:78,4,0,1
BRDA:78,4,1,0
BRDA:80,5,0,0
BRDA:80,5,1,0
BRDA:82,6,0,0
BRDA:82,6,1,0
BRF:14
BRH:1
end_of_record
